\BOOKMARK [1][-]{section*.1}{\376\377\000M\000a\000r\000c\000o\000\040\000d\000e\000\040\000R\000e\000f\000e\000r\000e\000n\000c\000i\000a}{}% 1
\BOOKMARK [1][-]{section*.2}{\376\377\000I\000n\000t\000r\000o\000d\000u\000c\000c\000i\000\363\000n}{}% 2
\BOOKMARK [1][-]{section*.3}{\376\377\000C\000a\000p\000\355\000t\000u\000l\000o\000\040\0001\000:\000\040\000F\000i\000l\000o\000s\000o\000f\000\355\000a\000\040\000B\000i\000z\000a\000n\000t\000i\000n\000a}{}% 3
\BOOKMARK [2][-]{section*.4}{\376\377\000L\000a\000\040\000M\000\355\000s\000t\000i\000c\000a}{section*.3}% 4
\BOOKMARK [3][-]{section*.5}{\376\377\000S\000a\000n\000\040\000S\000i\000m\000e\000\363\000n\000,\000\040\000e\000l\000\040\000n\000u\000e\000v\000o\000\040\000t\000e\000\363\000l\000o\000g\000o}{section*.4}% 5
\BOOKMARK [3][-]{section*.6}{\376\377\000C\000a\000l\000i\000x\000t\000o\000\040\000K\000a\000t\000a\000p\000h\000i\000g\000i\000o\000t\000i\000s}{section*.4}% 6
\BOOKMARK [2][-]{section*.7}{\376\377\000L\000a\000\040\000M\000o\000r\000a\000l}{section*.3}% 7
\BOOKMARK [3][-]{section*.8}{\376\377\000C\000e\000c\000a\000u\000m\000e\000n\000o}{section*.7}% 8
\BOOKMARK [3][-]{section*.9}{\376\377\000N\000i\000k\000o\000u\000l\000i\000t\000z\000a\000s}{section*.7}% 9
\BOOKMARK [3][-]{section*.10}{\376\377\000T\000e\000o\000f\000i\000l\000a\000c\000t\000o\000\040\000d\000e\000\040\000B\000u\000l\000g\000a\000r\000i\000a}{section*.7}% 10
\BOOKMARK [3][-]{section*.11}{\376\377\000N\000e\000o\000p\000l\000a\000t\000o\000n\000i\000s\000m\000o}{section*.7}% 11
\BOOKMARK [1][-]{section*.12}{\376\377\000C\000a\000p\000\355\000t\000u\000l\000o\000\040\0002\000:\000\040\000C\000u\000l\000t\000u\000r\000a}{}% 12
\BOOKMARK [2][-]{section*.13}{}{section*.12}% 13
\BOOKMARK [1][-]{section*.14}{\376\377\000C\000a\000p\000\355\000t\000u\000l\000o\000\040\0003\000:\000\040\000E\000d\000u\000c\000a\000c\000i\000\363\000n}{}% 14
\BOOKMARK [2][-]{section*.15}{\376\377\000M\000i\000g\000u\000e\000l\000\040\000P\000s\000e\000l\000l\000o\000s}{section*.14}% 15
\BOOKMARK [3][-]{section*.16}{\376\377\000P\000r\000e\000s\000e\000n\000t\000a\000c\000i\000\363\000n}{section*.15}% 16
\BOOKMARK [3][-]{section*.17}{\376\377\000V\000i\000s\000i\000\363\000n\000\040\000P\000e\000d\000a\000g\000\363\000g\000i\000c\000a}{section*.15}% 17
\BOOKMARK [3][-]{section*.18}{\376\377\000P\000r\000o\000g\000r\000a\000m\000a}{section*.15}% 18
\BOOKMARK [3][-]{section*.19}{\376\377\000R\000e\000t\000\363\000r\000i\000c\000a}{section*.15}% 19
\BOOKMARK [3][-]{section*.20}{\376\377\000Q\000u\000a\000d\000r\000i\000v\000i\000u\000m}{section*.15}% 20
\BOOKMARK [3][-]{section*.21}{\376\377\000F\000i\000l\000o\000s\000o\000f\000\355\000a}{section*.15}% 21
\BOOKMARK [3][-]{section*.22}{\376\377\000M\000e\000t\000a\000f\000\355\000s\000i\000c\000a}{section*.15}% 22
\BOOKMARK [2][-]{section*.23}{\376\377\000A\000n\000a\000\040\000y\000\040\000A\000l\000e\000j\000o\000\040\000C\000o\000m\000n\000e\000n\000o}{section*.14}% 23
\BOOKMARK [3][-]{section*.24}{\376\377\000E\000l\000\040\000o\000r\000f\000a\000n\000a\000t\000o}{section*.23}% 24
\BOOKMARK [1][-]{section*.25}{\376\377\000C\000a\000p\000\355\000t\000u\000l\000o\000\040\0004\000:\000\040\000S\000a\000l\000u\000d}{}% 25
\BOOKMARK [2][-]{section*.26}{\376\377\000S\000a\000l\000u\000d\000\040\000d\000e\000\040\000c\000a\000m\000p\000a\000\361\000a}{section*.25}% 26
\BOOKMARK [2][-]{section*.27}{\376\377\000S\000a\000l\000u\000d\000\040\000e\000n\000\040\000C\000o\000n\000s\000t\000a\000n\000t\000i\000n\000o\000p\000l\000a}{section*.25}% 27
\BOOKMARK [1][-]{section*.28}{\376\377\000C\000a\000p\000\355\000t\000u\000l\000o\000\040\0005\000:\000\040\000P\000o\000l\000\355\000t\000i\000c\000a}{}% 28
\BOOKMARK [2][-]{section*.29}{\376\377\000R\000e\000l\000a\000c\000i\000o\000n\000e\000s\000\040\000c\000o\000n\000\040\000I\000t\000a\000l\000i\000a}{section*.28}% 29
\BOOKMARK [2][-]{section*.30}{\376\377\000S\000a\000c\000r\000o\000\040\000I\000m\000p\000e\000r\000i\000o}{section*.28}% 30
\BOOKMARK [3][-]{section*.31}{\376\377\000L\000a\000\040\000Q\000u\000e\000r\000e\000l\000l\000a\000\040\000d\000e\000\040\000l\000a\000s\000\040\000i\000n\000v\000e\000s\000t\000i\000d\000u\000r\000a\000s}{section*.30}% 31
\BOOKMARK [3][-]{section*.32}{\376\377\000D\000e\000s\000d\000e\000\040\000o\000t\000r\000o\000\040\000p\000u\000n\000t\000o\000\040\000d\000e\000\040\000v\000i\000s\000t\000a}{section*.30}% 32
\BOOKMARK [3][-]{section*.33}{\376\377\000R\000e\000l\000a\000c\000i\000\363\000n\000\040\000e\000n\000t\000r\000e\000\040\000a\000m\000b\000o\000s\000\040\000i\000m\000p\000e\000r\000i\000o\000s}{section*.30}% 33
\BOOKMARK [2][-]{section*.34}{\376\377\000E\000l\000\040\000D\000a\000n\000u\000b\000i\000o}{section*.28}% 34
\BOOKMARK [2][-]{section*.35}{\376\377\000P\000r\000i\000m\000e\000r\000a\000\040\000C\000r\000u\000z\000a\000d\000a}{section*.28}% 35
\BOOKMARK [1][-]{section*.36}{\376\377\000C\000o\000n\000c\000l\000u\000s\000i\000\363\000n}{}% 36
\BOOKMARK [2][-]{section*.37}{\376\377\000C\000o\000n\000c\000l\000u\000s\000i\000\363\000n}{section*.36}% 37
\BOOKMARK [1][-]{section*.38}{\376\377\000B\000i\000b\000l\000i\000o\000g\000r\000a\000f\000\355\000a}{}% 38
